  [1m[35m (2475.7ms)[0m  [1m[35mCREATE DATABASE "todo_app_development" ENCODING = 'unicode'[0m
  ↳ bin/rails:9
  [1m[35m (2679.8ms)[0m  [1m[35mCREATE DATABASE "todo_app_test" ENCODING = 'unicode'[0m
  ↳ bin/rails:9
  [1m[35m (123.1ms)[0m  [1m[35mCREATE TABLE "schema_migrations" ("version" character varying NOT NULL PRIMARY KEY)[0m
  ↳ bin/rails:9
  [1m[35m (162.2ms)[0m  [1m[35mCREATE TABLE "ar_internal_metadata" ("key" character varying NOT NULL PRIMARY KEY, "value" character varying, "created_at" timestamp NOT NULL, "updated_at" timestamp NOT NULL)[0m
  ↳ bin/rails:9
  [1m[35m (0.9ms)[0m  [1m[34mSELECT pg_try_advisory_lock(8535192876944776140)[0m
  ↳ bin/rails:9
  [1m[35m (1.2ms)[0m  [1m[34mSELECT "schema_migrations"."version" FROM "schema_migrations" ORDER BY "schema_migrations"."version" ASC[0m
  ↳ bin/rails:9
Migrating to CreateTodos (20210722205334)
  [1m[35m (0.3ms)[0m  [1m[35mBEGIN[0m
  ↳ bin/rails:9
  [1m[35m (288.5ms)[0m  [1m[35mCREATE TABLE "todos" ("id" bigserial primary key, "title" character varying NOT NULL, "body" character varying NOT NULL, "done" boolean NOT NULL, "created_at" timestamp NOT NULL, "updated_at" timestamp NOT NULL)[0m
  ↳ db/migrate/20210722205334_create_todos.rb:3
  [1m[35m (136.5ms)[0m  [1m[35mCREATE  INDEX  "index_todos_on_title" ON "todos"  ("title")[0m
  ↳ db/migrate/20210722205334_create_todos.rb:10
  [1m[36mActiveRecord::SchemaMigration Create (19.9ms)[0m  [1m[32mINSERT INTO "schema_migrations" ("version") VALUES ($1) RETURNING "version"[0m  [["version", "20210722205334"]]
  ↳ bin/rails:9
  [1m[35m (108.7ms)[0m  [1m[35mCOMMIT[0m
  ↳ bin/rails:9
  [1m[36mActiveRecord::InternalMetadata Load (10.3ms)[0m  [1m[34mSELECT  "ar_internal_metadata".* FROM "ar_internal_metadata" WHERE "ar_internal_metadata"."key" = $1 LIMIT $2[0m  [["key", "environment"], ["LIMIT", 1]]
  ↳ bin/rails:9
  [1m[35m (0.3ms)[0m  [1m[35mBEGIN[0m
  ↳ bin/rails:9
  [1m[36mActiveRecord::InternalMetadata Create (2.8ms)[0m  [1m[32mINSERT INTO "ar_internal_metadata" ("key", "value", "created_at", "updated_at") VALUES ($1, $2, $3, $4) RETURNING "key"[0m  [["key", "environment"], ["value", "development"], ["created_at", "2021-07-22 20:57:34.707249"], ["updated_at", "2021-07-22 20:57:34.707249"]]
  ↳ bin/rails:9
  [1m[35m (32.2ms)[0m  [1m[35mCOMMIT[0m
  ↳ bin/rails:9
  [1m[35m (0.7ms)[0m  [1m[34mSELECT pg_advisory_unlock(8535192876944776140)[0m
  ↳ bin/rails:9
  [1m[35m (0.7ms)[0m  [1m[34mSELECT "schema_migrations"."version" FROM "schema_migrations" ORDER BY "schema_migrations"."version" ASC[0m
  ↳ bin/rails:9
  [1m[35m (2.9ms)[0m  [1m[34mSELECT "schema_migrations"."version" FROM "schema_migrations" ORDER BY "schema_migrations"."version" ASC[0m
  ↳ /home/samsongs1991/.rbenv/versions/2.5.1/bin/annotate:23
  [1m[35m (10.8ms)[0m  [1m[35mCREATE DATABASE "todo_app_development" ENCODING = 'unicode'[0m
  ↳ bin/rails:9
  [1m[35m (8.5ms)[0m  [1m[35mCREATE DATABASE "todo_app_test" ENCODING = 'unicode'[0m
  ↳ bin/rails:9
  [1m[35m (2.5ms)[0m  [1m[34mSELECT "schema_migrations"."version" FROM "schema_migrations" ORDER BY "schema_migrations"."version" ASC[0m
  ↳ bin/rails:9
  [1m[35m (12.7ms)[0m  [1m[34mSELECT "ar_internal_metadata"."value" FROM "ar_internal_metadata" WHERE "ar_internal_metadata"."key" = $1[0m  [["key", "environment"]]
  ↳ bin/rails:9
  [1m[35m (9.4ms)[0m  [1m[34mSELECT "schema_migrations"."version" FROM "schema_migrations" ORDER BY "schema_migrations"."version" ASC[0m
  ↳ bin/rails:9
  [1m[35m (0.6ms)[0m  [1m[34mSELECT "ar_internal_metadata"."value" FROM "ar_internal_metadata" WHERE "ar_internal_metadata"."key" = $1[0m  [["key", "environment"]]
  ↳ bin/rails:9
  [1m[35m (0.7ms)[0m  [1m[34mSELECT "schema_migrations"."version" FROM "schema_migrations" ORDER BY "schema_migrations"."version" ASC[0m
  ↳ bin/rails:9
  [1m[35m (1.5ms)[0m  [1m[34mSELECT "ar_internal_metadata"."value" FROM "ar_internal_metadata" WHERE "ar_internal_metadata"."key" = $1[0m  [["key", "environment"]]
  ↳ bin/rails:9
  [1m[35mSQL (35.6ms)[0m  [1m[35mCREATE EXTENSION IF NOT EXISTS "plpgsql"[0m
  ↳ db/schema.rb:16
  [1m[35m (103.1ms)[0m  [1m[35mDROP TABLE IF EXISTS "todos" CASCADE[0m
  ↳ db/schema.rb:18
  [1m[35m (432.7ms)[0m  [1m[35mCREATE TABLE "todos" ("id" bigserial primary key, "title" character varying NOT NULL, "body" character varying NOT NULL, "done" boolean NOT NULL, "created_at" timestamp NOT NULL, "updated_at" timestamp NOT NULL)[0m
  ↳ db/schema.rb:18
  [1m[35m (114.6ms)[0m  [1m[35mCREATE  INDEX  "index_todos_on_title" ON "todos"  ("title")[0m
  ↳ db/schema.rb:18
  [1m[35m (1.1ms)[0m  [1m[34mSELECT "schema_migrations"."version" FROM "schema_migrations" ORDER BY "schema_migrations"."version" ASC[0m
  ↳ db/schema.rb:13
  [1m[36mActiveRecord::InternalMetadata Load (20.8ms)[0m  [1m[34mSELECT  "ar_internal_metadata".* FROM "ar_internal_metadata" WHERE "ar_internal_metadata"."key" = $1 LIMIT $2[0m  [["key", "environment"], ["LIMIT", 1]]
  ↳ db/schema.rb:13
  [1m[35m (0.4ms)[0m  [1m[35mBEGIN[0m
  ↳ db/schema.rb:13
  [1m[35m (7.9ms)[0m  [1m[35mCOMMIT[0m
  ↳ db/schema.rb:13
  [1m[36mActiveRecord::InternalMetadata Load (0.7ms)[0m  [1m[34mSELECT  "ar_internal_metadata".* FROM "ar_internal_metadata" WHERE "ar_internal_metadata"."key" = $1 LIMIT $2[0m  [["key", "environment"], ["LIMIT", 1]]
  ↳ bin/rails:9
  [1m[35m (0.4ms)[0m  [1m[35mBEGIN[0m
  ↳ bin/rails:9
  [1m[35m (0.3ms)[0m  [1m[35mCOMMIT[0m
  ↳ bin/rails:9
  [1m[35mSQL (18.6ms)[0m  [1m[35mCREATE EXTENSION IF NOT EXISTS "plpgsql"[0m
  ↳ db/schema.rb:16
  [1m[35m (0.6ms)[0m  [1m[35mDROP TABLE IF EXISTS "todos" CASCADE[0m
  ↳ db/schema.rb:18
  [1m[35m (402.6ms)[0m  [1m[35mCREATE TABLE "todos" ("id" bigserial primary key, "title" character varying NOT NULL, "body" character varying NOT NULL, "done" boolean NOT NULL, "created_at" timestamp NOT NULL, "updated_at" timestamp NOT NULL)[0m
  ↳ db/schema.rb:18
  [1m[35m (157.0ms)[0m  [1m[35mCREATE  INDEX  "index_todos_on_title" ON "todos"  ("title")[0m
  ↳ db/schema.rb:18
  [1m[35m (280.5ms)[0m  [1m[35mCREATE TABLE "schema_migrations" ("version" character varying NOT NULL PRIMARY KEY)[0m
  ↳ db/schema.rb:13
  [1m[35m (1.7ms)[0m  [1m[34mSELECT "schema_migrations"."version" FROM "schema_migrations" ORDER BY "schema_migrations"."version" ASC[0m
  ↳ db/schema.rb:13
  [1m[35m (39.3ms)[0m  [1m[32mINSERT INTO "schema_migrations" (version) VALUES (20210722205334)[0m
  ↳ db/schema.rb:13
  [1m[35m (93.1ms)[0m  [1m[35mCREATE TABLE "ar_internal_metadata" ("key" character varying NOT NULL PRIMARY KEY, "value" character varying, "created_at" timestamp NOT NULL, "updated_at" timestamp NOT NULL)[0m
  ↳ db/schema.rb:13
  [1m[36mActiveRecord::InternalMetadata Load (0.9ms)[0m  [1m[34mSELECT  "ar_internal_metadata".* FROM "ar_internal_metadata" WHERE "ar_internal_metadata"."key" = $1 LIMIT $2[0m  [["key", "environment"], ["LIMIT", 1]]
  ↳ db/schema.rb:13
  [1m[35m (0.3ms)[0m  [1m[35mBEGIN[0m
  ↳ db/schema.rb:13
  [1m[36mActiveRecord::InternalMetadata Create (2.3ms)[0m  [1m[32mINSERT INTO "ar_internal_metadata" ("key", "value", "created_at", "updated_at") VALUES ($1, $2, $3, $4) RETURNING "key"[0m  [["key", "environment"], ["value", "development"], ["created_at", "2021-07-22 21:03:04.106642"], ["updated_at", "2021-07-22 21:03:04.106642"]]
  ↳ db/schema.rb:13
  [1m[35m (24.9ms)[0m  [1m[35mCOMMIT[0m
  ↳ db/schema.rb:13
  [1m[36mActiveRecord::InternalMetadata Load (9.9ms)[0m  [1m[34mSELECT  "ar_internal_metadata".* FROM "ar_internal_metadata" WHERE "ar_internal_metadata"."key" = $1 LIMIT $2[0m  [["key", "environment"], ["LIMIT", 1]]
  ↳ bin/rails:9
  [1m[35m (7.0ms)[0m  [1m[35mBEGIN[0m
  ↳ bin/rails:9
  [1m[36mActiveRecord::InternalMetadata Update (0.7ms)[0m  [1m[33mUPDATE "ar_internal_metadata" SET "value" = $1, "updated_at" = $2 WHERE "ar_internal_metadata"."key" = $3[0m  [["value", "test"], ["updated_at", "2021-07-22 21:03:04.167732"], ["key", "environment"]]
  ↳ bin/rails:9
  [1m[35m (5.8ms)[0m  [1m[35mCOMMIT[0m
  ↳ bin/rails:9
  [1m[35m (1.3ms)[0m  [1m[34mSELECT "schema_migrations"."version" FROM "schema_migrations" ORDER BY "schema_migrations"."version" ASC[0m
  ↳ bin/rails:9
  [1m[35m (0.3ms)[0m  [1m[35mBEGIN[0m
  ↳ db/seeds.rb:9
  [1m[36mTodo Create (1.3ms)[0m  [1m[32mINSERT INTO "todos" ("title", "body", "done", "created_at", "updated_at") VALUES ($1, $2, $3, $4, $5) RETURNING "id"[0m  [["title", "1"], ["body", "11"], ["done", false], ["created_at", "2021-07-22 21:03:04.300094"], ["updated_at", "2021-07-22 21:03:04.300094"]]
  ↳ db/seeds.rb:9
  [1m[35m (10.8ms)[0m  [1m[35mCOMMIT[0m
  ↳ db/seeds.rb:9
  [1m[35m (0.3ms)[0m  [1m[35mBEGIN[0m
  ↳ db/seeds.rb:9
  [1m[36mTodo Create (0.6ms)[0m  [1m[32mINSERT INTO "todos" ("title", "body", "done", "created_at", "updated_at") VALUES ($1, $2, $3, $4, $5) RETURNING "id"[0m  [["title", "2"], ["body", "22"], ["done", false], ["created_at", "2021-07-22 21:03:04.322456"], ["updated_at", "2021-07-22 21:03:04.322456"]]
  ↳ db/seeds.rb:9
  [1m[35m (25.6ms)[0m  [1m[35mCOMMIT[0m
  ↳ db/seeds.rb:9
  [1m[35m (0.5ms)[0m  [1m[35mBEGIN[0m
  ↳ db/seeds.rb:9
  [1m[36mTodo Create (0.6ms)[0m  [1m[32mINSERT INTO "todos" ("title", "body", "done", "created_at", "updated_at") VALUES ($1, $2, $3, $4, $5) RETURNING "id"[0m  [["title", "3"], ["body", "33"], ["done", false], ["created_at", "2021-07-22 21:03:04.353366"], ["updated_at", "2021-07-22 21:03:04.353366"]]
  ↳ db/seeds.rb:9
  [1m[35m (8.7ms)[0m  [1m[35mCOMMIT[0m
  ↳ db/seeds.rb:9
  [1m[36mTodo Load (1.3ms)[0m  [1m[34mSELECT "todos".* FROM "todos"[0m
  [1m[36mTodo Load (1.4ms)[0m  [1m[34mSELECT  "todos".* FROM "todos" ORDER BY "todos"."id" ASC LIMIT $1[0m  [["LIMIT", 1]]
  [1m[35m (7.0ms)[0m  [1m[35mBEGIN[0m
  [1m[36mTodo Destroy (7.3ms)[0m  [1m[31mDELETE FROM "todos" WHERE "todos"."id" = $1[0m  [["id", 1]]
  [1m[35m (155.1ms)[0m  [1m[35mCOMMIT[0m
  [1m[36mTodo Load (0.6ms)[0m  [1m[34mSELECT "todos".* FROM "todos"[0m
Started GET "/" for ::1 at 2021-07-22 15:33:45 -0600
  [1m[35m (1.6ms)[0m  [1m[34mSELECT "schema_migrations"."version" FROM "schema_migrations" ORDER BY "schema_migrations"."version" ASC[0m
  ↳ /home/samsongs1991/.rbenv/versions/2.5.1/lib/ruby/gems/2.5.0/gems/activerecord-5.2.6/lib/active_record/log_subscriber.rb:98
Processing by StaticPagesController#root as HTML
  Rendering static_pages/root.html.erb within layouts/application
  Rendered static_pages/root.html.erb within layouts/application (266.7ms)
Completed 200 OK in 8042ms (Views: 8036.4ms | ActiveRecord: 0.0ms)


Started GET "/api/todos" for ::1 at 2021-07-22 15:34:42 -0600

SyntaxError - syntax error, unexpected tINTEGER, expecting keyword_do or '{' or '('
...rrors.full_messages, status 422
...                            ^~~:
  app/controllers/api/todos_controller.rb:25:in `'

Started GET "/" for ::1 at 2021-07-22 15:36:43 -0600
Processing by StaticPagesController#root as HTML
  Rendering static_pages/root.html.erb within layouts/application
  Rendered static_pages/root.html.erb within layouts/application (0.6ms)
Completed 200 OK in 104ms (Views: 102.9ms | ActiveRecord: 0.0ms)


Started GET "/api/todos" for ::1 at 2021-07-22 15:37:01 -0600

SyntaxError - syntax error, unexpected tINTEGER, expecting keyword_do or '{' or '('
...rrors.full_messages, status 422
...                            ^~~:
  app/controllers/api/todos_controller.rb:25:in `'

Started GET "/" for ::1 at 2021-07-22 15:37:30 -0600
Processing by StaticPagesController#root as HTML
  Rendering static_pages/root.html.erb within layouts/application
  Rendered static_pages/root.html.erb within layouts/application (0.9ms)
Completed 200 OK in 211ms (Views: 199.6ms | ActiveRecord: 0.0ms)


Started GET "/api/todos" for ::1 at 2021-07-22 15:37:38 -0600
Processing by Api::TodosController#index as JSON
  [1m[36mTodo Load (1.3ms)[0m  [1m[34mSELECT "todos".* FROM "todos"[0m
  ↳ app/controllers/api/todos_controller.rb:8
Completed 200 OK in 84ms (Views: 27.3ms | ActiveRecord: 27.9ms)


Started GET "/users" for ::1 at 2021-07-22 15:50:59 -0600
  [1m[35m (1.3ms)[0m  [1m[34mSELECT "schema_migrations"."version" FROM "schema_migrations" ORDER BY "schema_migrations"."version" ASC[0m
  ↳ /home/samsongs1991/.rbenv/versions/2.5.1/lib/ruby/gems/2.5.0/gems/activerecord-5.2.6/lib/active_record/log_subscriber.rb:98
  
ActionController::RoutingError (No route matches [GET] "/users"):
  
actionpack (5.2.6) lib/action_dispatch/middleware/debug_exceptions.rb:65:in `call'
web-console (3.7.0) lib/web_console/middleware.rb:135:in `call_app'
web-console (3.7.0) lib/web_console/middleware.rb:30:in `block in call'
web-console (3.7.0) lib/web_console/middleware.rb:20:in `catch'
web-console (3.7.0) lib/web_console/middleware.rb:20:in `call'
actionpack (5.2.6) lib/action_dispatch/middleware/show_exceptions.rb:33:in `call'
railties (5.2.6) lib/rails/rack/logger.rb:38:in `call_app'
railties (5.2.6) lib/rails/rack/logger.rb:26:in `block in call'
activesupport (5.2.6) lib/active_support/tagged_logging.rb:71:in `block in tagged'
activesupport (5.2.6) lib/active_support/tagged_logging.rb:28:in `tagged'
activesupport (5.2.6) lib/active_support/tagged_logging.rb:71:in `tagged'
railties (5.2.6) lib/rails/rack/logger.rb:26:in `call'
sprockets-rails (3.2.2) lib/sprockets/rails/quiet_assets.rb:13:in `call'
actionpack (5.2.6) lib/action_dispatch/middleware/remote_ip.rb:81:in `call'
actionpack (5.2.6) lib/action_dispatch/middleware/request_id.rb:27:in `call'
rack (2.2.3) lib/rack/method_override.rb:24:in `call'
rack (2.2.3) lib/rack/runtime.rb:22:in `call'
activesupport (5.2.6) lib/active_support/cache/strategy/local_cache_middleware.rb:29:in `call'
actionpack (5.2.6) lib/action_dispatch/middleware/executor.rb:14:in `call'
actionpack (5.2.6) lib/action_dispatch/middleware/static.rb:127:in `call'
rack (2.2.3) lib/rack/sendfile.rb:110:in `call'
railties (5.2.6) lib/rails/engine.rb:524:in `call'
puma (3.12.6) lib/puma/configuration.rb:227:in `call'
puma (3.12.6) lib/puma/server.rb:706:in `handle_request'
puma (3.12.6) lib/puma/server.rb:476:in `process_client'
puma (3.12.6) lib/puma/server.rb:334:in `block in run'
puma (3.12.6) lib/puma/thread_pool.rb:135:in `block in spawn_thread'
Started GET "/" for ::1 at 2021-07-22 15:51:03 -0600
Processing by StaticPagesController#root as HTML
  Rendering static_pages/root.html.erb within layouts/application
  Rendered static_pages/root.html.erb within layouts/application (0.9ms)
Completed 200 OK in 2624ms (Views: 2622.0ms | ActiveRecord: 0.0ms)


Started GET "/" for ::1 at 2021-07-22 15:51:10 -0600
Processing by StaticPagesController#root as HTML
  Rendering static_pages/root.html.erb within layouts/application
  Rendered static_pages/root.html.erb within layouts/application (0.7ms)
Completed 200 OK in 125ms (Views: 123.8ms | ActiveRecord: 0.0ms)


Started GET "/" for ::1 at 2021-07-22 15:53:14 -0600
  [1m[35m (9.2ms)[0m  [1m[34mSELECT "schema_migrations"."version" FROM "schema_migrations" ORDER BY "schema_migrations"."version" ASC[0m
  ↳ /home/samsongs1991/.rbenv/versions/2.5.1/lib/ruby/gems/2.5.0/gems/activerecord-5.2.6/lib/active_record/log_subscriber.rb:98
Processing by StaticPagesController#root as HTML
  Rendering static_pages/root.html.erb within layouts/application
  Rendered static_pages/root.html.erb within layouts/application (3.6ms)
Completed 200 OK in 2387ms (Views: 2385.7ms | ActiveRecord: 0.0ms)


Started GET "/" for ::1 at 2021-07-22 15:54:10 -0600
Processing by StaticPagesController#root as HTML
  Rendering static_pages/root.html.erb within layouts/application
Started GET "/" for ::1 at 2021-07-22 15:54:10 -0600
  Rendered static_pages/root.html.erb within layouts/application (1.5ms)
Processing by StaticPagesController#root as HTML
  Rendering static_pages/root.html.erb within layouts/application
  Rendered static_pages/root.html.erb within layouts/application (0.8ms)
Started GET "/" for ::1 at 2021-07-22 15:54:10 -0600
Processing by StaticPagesController#root as HTML
  Rendering static_pages/root.html.erb within layouts/application
  Rendered static_pages/root.html.erb within layouts/application (0.5ms)
Completed 200 OK in 2812ms (Views: 2810.5ms | ActiveRecord: 0.0ms)


Completed 200 OK in 2650ms (Views: 2637.0ms | ActiveRecord: 0.0ms)


Completed 200 OK in 2360ms (Views: 2357.7ms | ActiveRecord: 0.0ms)


Started GET "/" for ::1 at 2021-07-22 15:54:40 -0600
  [1m[35m (5.1ms)[0m  [1m[34mSELECT "schema_migrations"."version" FROM "schema_migrations" ORDER BY "schema_migrations"."version" ASC[0m
  ↳ /home/samsongs1991/.rbenv/versions/2.5.1/lib/ruby/gems/2.5.0/gems/activerecord-5.2.6/lib/active_record/log_subscriber.rb:98
Processing by StaticPagesController#root as HTML
  Rendering static_pages/root.html.erb within layouts/application
  Rendered static_pages/root.html.erb within layouts/application (1.7ms)
Completed 200 OK in 2195ms (Views: 2190.1ms | ActiveRecord: 0.0ms)


Started GET "/" for ::1 at 2021-07-22 15:56:06 -0600
Processing by StaticPagesController#root as HTML
  Rendering static_pages/root.html.erb within layouts/application
  Rendered static_pages/root.html.erb within layouts/application (0.7ms)
Completed 200 OK in 142ms (Views: 140.7ms | ActiveRecord: 0.0ms)


Started GET "/" for ::1 at 2021-07-22 15:56:06 -0600
Processing by StaticPagesController#root as HTML
  Rendering static_pages/root.html.erb within layouts/application
  Rendered static_pages/root.html.erb within layouts/application (0.5ms)
Completed 200 OK in 143ms (Views: 133.9ms | ActiveRecord: 0.0ms)


Started GET "/" for ::1 at 2021-07-22 15:57:12 -0600
Processing by StaticPagesController#root as HTML
  Rendering static_pages/root.html.erb within layouts/application
  Rendered static_pages/root.html.erb within layouts/application (0.6ms)
Completed 200 OK in 1356ms (Views: 1355.0ms | ActiveRecord: 0.0ms)


Started GET "/" for ::1 at 2021-07-22 16:03:08 -0600
Processing by StaticPagesController#root as HTML
  Rendering static_pages/root.html.erb within layouts/application
  Rendered static_pages/root.html.erb within layouts/application (0.6ms)
Started GET "/" for ::1 at 2021-07-22 16:03:08 -0600
Processing by StaticPagesController#root as HTML
  Rendering static_pages/root.html.erb within layouts/application
  Rendered static_pages/root.html.erb within layouts/application (0.5ms)
Completed 200 OK in 1823ms (Views: 1820.6ms | ActiveRecord: 0.0ms)


Completed 200 OK in 1725ms (Views: 1721.1ms | ActiveRecord: 0.0ms)


Started GET "/api/todos" for ::1 at 2021-07-22 16:03:19 -0600
Processing by Api::TodosController#index as JSON
  [1m[36mTodo Load (1.1ms)[0m  [1m[34mSELECT "todos".* FROM "todos"[0m
  ↳ app/controllers/api/todos_controller.rb:8
Completed 200 OK in 69ms (Views: 28.4ms | ActiveRecord: 25.4ms)


Started GET "/api/todos" for ::1 at 2021-07-22 16:04:03 -0600
Processing by Api::TodosController#index as JSON
  [1m[36mTodo Load (1.3ms)[0m  [1m[34mSELECT "todos".* FROM "todos"[0m
  ↳ app/controllers/api/todos_controller.rb:8
Completed 200 OK in 15ms (Views: 13.0ms | ActiveRecord: 1.3ms)


Started GET "/" for ::1 at 2021-07-22 16:04:11 -0600
Processing by StaticPagesController#root as HTML
  Rendering static_pages/root.html.erb within layouts/application
  Rendered static_pages/root.html.erb within layouts/application (0.5ms)
Completed 200 OK in 108ms (Views: 106.7ms | ActiveRecord: 0.0ms)


Started GET "/" for ::1 at 2021-07-22 16:27:21 -0600
Processing by StaticPagesController#root as HTML
  Rendering static_pages/root.html.erb within layouts/application
  Rendered static_pages/root.html.erb within layouts/application (0.7ms)
Started GET "/" for ::1 at 2021-07-22 16:27:22 -0600
Processing by StaticPagesController#root as HTML
  Rendering static_pages/root.html.erb within layouts/application
  Rendered static_pages/root.html.erb within layouts/application (0.8ms)
Completed 200 OK in 4176ms (Views: 4173.5ms | ActiveRecord: 0.0ms)


Completed 200 OK in 4994ms (Views: 4991.8ms | ActiveRecord: 0.0ms)


Started GET "/" for ::1 at 2021-07-22 16:27:41 -0600
Processing by StaticPagesController#root as HTML
  Rendering static_pages/root.html.erb within layouts/application
  Rendered static_pages/root.html.erb within layouts/application (11.7ms)
Started GET "/" for ::1 at 2021-07-22 16:27:41 -0600
Processing by StaticPagesController#root as HTML
  Rendering static_pages/root.html.erb within layouts/application
  Rendered static_pages/root.html.erb within layouts/application (0.4ms)
Completed 200 OK in 2135ms (Views: 2131.3ms | ActiveRecord: 0.0ms)


Completed 200 OK in 2438ms (Views: 2436.6ms | ActiveRecord: 0.0ms)


Started GET "/" for ::1 at 2021-07-22 16:27:55 -0600
Processing by StaticPagesController#root as HTML
  Rendering static_pages/root.html.erb within layouts/application
  Rendered static_pages/root.html.erb within layouts/application (0.5ms)
Started GET "/" for ::1 at 2021-07-22 16:27:55 -0600
Processing by StaticPagesController#root as HTML
  Rendering static_pages/root.html.erb within layouts/application
  Rendered static_pages/root.html.erb within layouts/application (0.5ms)
Completed 200 OK in 4211ms (Views: 4208.6ms | ActiveRecord: 0.0ms)


Completed 200 OK in 4562ms (Views: 4559.7ms | ActiveRecord: 0.0ms)


Started GET "/" for ::1 at 2021-07-22 16:27:59 -0600
Processing by StaticPagesController#root as HTML
  Rendering static_pages/root.html.erb within layouts/application
  Rendered static_pages/root.html.erb within layouts/application (1.1ms)
Started GET "/" for ::1 at 2021-07-22 16:28:00 -0600
Processing by StaticPagesController#root as HTML
Completed 200 OK in 147ms (Views: 145.8ms | ActiveRecord: 0.0ms)


  Rendering static_pages/root.html.erb within layouts/application
  Rendered static_pages/root.html.erb within layouts/application (57.2ms)
Completed 200 OK in 1499ms (Views: 1483.0ms | ActiveRecord: 0.0ms)


Started GET "/" for ::1 at 2021-07-22 16:37:29 -0600
Processing by StaticPagesController#root as HTML
  Rendering static_pages/root.html.erb within layouts/application
  Rendered static_pages/root.html.erb within layouts/application (12.4ms)
Completed 200 OK in 1413ms (Views: 1410.2ms | ActiveRecord: 0.0ms)


Started GET "/api/todos" for ::1 at 2021-07-22 16:37:44 -0600
Processing by Api::TodosController#index as JSON
  [1m[36mTodo Load (81.7ms)[0m  [1m[34mSELECT "todos".* FROM "todos"[0m
  ↳ app/controllers/api/todos_controller.rb:8
Completed 200 OK in 165ms (Views: 83.3ms | ActiveRecord: 81.7ms)


Started GET "/" for ::1 at 2021-07-22 16:39:21 -0600
Processing by StaticPagesController#root as HTML
  Rendering static_pages/root.html.erb within layouts/application
  Rendered static_pages/root.html.erb within layouts/application (0.4ms)
Completed 200 OK in 2244ms (Views: 2242.2ms | ActiveRecord: 0.0ms)


Started GET "/api/todos" for ::1 at 2021-07-22 16:39:40 -0600
Processing by Api::TodosController#index as JSON
  [1m[36mTodo Load (0.6ms)[0m  [1m[34mSELECT "todos".* FROM "todos"[0m
  ↳ app/controllers/api/todos_controller.rb:8
Completed 200 OK in 4ms (Views: 2.8ms | ActiveRecord: 0.6ms)


Started GET "/" for ::1 at 2021-07-22 16:40:56 -0600
Processing by StaticPagesController#root as HTML
  Rendering static_pages/root.html.erb within layouts/application
  Rendered static_pages/root.html.erb within layouts/application (0.7ms)
Completed 200 OK in 1588ms (Views: 1586.3ms | ActiveRecord: 0.0ms)


Started GET "/api/todos" for ::1 at 2021-07-22 16:41:04 -0600
Processing by Api::TodosController#index as JSON
  [1m[36mTodo Load (0.6ms)[0m  [1m[34mSELECT "todos".* FROM "todos"[0m
  ↳ app/controllers/api/todos_controller.rb:8
Completed 200 OK in 5ms (Views: 3.5ms | ActiveRecord: 0.6ms)


Started GET "/" for ::1 at 2021-07-22 16:41:31 -0600
Processing by StaticPagesController#root as HTML
  Rendering static_pages/root.html.erb within layouts/application
  Rendered static_pages/root.html.erb within layouts/application (0.5ms)
Completed 200 OK in 111ms (Views: 109.6ms | ActiveRecord: 0.0ms)


Started GET "/" for ::1 at 2021-07-22 17:06:10 -0600
Started GET "/" for ::1 at 2021-07-22 17:06:10 -0600
Processing by StaticPagesController#root as HTML
Processing by StaticPagesController#root as HTML
  Rendering static_pages/root.html.erb within layouts/application
  Rendering static_pages/root.html.erb within layouts/application
  Rendered static_pages/root.html.erb within layouts/application (0.2ms)
  Rendered static_pages/root.html.erb within layouts/application (4.7ms)
Completed 200 OK in 3085ms (Views: 3067.1ms | ActiveRecord: 0.0ms)


Completed 200 OK in 3661ms (Views: 3651.3ms | ActiveRecord: 0.0ms)


Started GET "/" for ::1 at 2021-07-22 17:07:12 -0600
Processing by StaticPagesController#root as HTML
  Rendering static_pages/root.html.erb within layouts/application
  Rendered static_pages/root.html.erb within layouts/application (0.7ms)
Started GET "/" for ::1 at 2021-07-22 17:07:12 -0600
Processing by StaticPagesController#root as HTML
  Rendering static_pages/root.html.erb within layouts/application
  Rendered static_pages/root.html.erb within layouts/application (0.5ms)
Completed 200 OK in 1850ms (Views: 1832.3ms | ActiveRecord: 0.0ms)


Completed 200 OK in 2545ms (Views: 2544.0ms | ActiveRecord: 0.0ms)


Started GET "/api/todos" for ::1 at 2021-07-22 17:07:15 -0600
Processing by Api::TodosController#index as JSON
  [1m[36mTodo Load (1.9ms)[0m  [1m[34mSELECT "todos".* FROM "todos"[0m
  ↳ app/controllers/api/todos_controller.rb:8
Completed 200 OK in 6ms (Views: 3.7ms | ActiveRecord: 1.9ms)


Started GET "/" for ::1 at 2021-07-22 17:07:44 -0600
Processing by StaticPagesController#root as HTML
  Rendering static_pages/root.html.erb within layouts/application
  Rendered static_pages/root.html.erb within layouts/application (2.3ms)
Completed 200 OK in 165ms (Views: 162.7ms | ActiveRecord: 0.0ms)


Started GET "/api/todos" for ::1 at 2021-07-22 17:07:45 -0600
Processing by Api::TodosController#index as JSON
  [1m[36mTodo Load (0.7ms)[0m  [1m[34mSELECT "todos".* FROM "todos"[0m
  ↳ app/controllers/api/todos_controller.rb:8
Completed 200 OK in 5ms (Views: 3.9ms | ActiveRecord: 0.7ms)


Started GET "/" for ::1 at 2021-07-22 17:38:04 -0600
Processing by StaticPagesController#root as HTML
  Rendering static_pages/root.html.erb within layouts/application
  Rendered static_pages/root.html.erb within layouts/application (7.0ms)
Completed 200 OK in 2514ms (Views: 2502.4ms | ActiveRecord: 0.0ms)


Started GET "/api/todos" for ::1 at 2021-07-22 17:38:08 -0600
Processing by Api::TodosController#index as JSON
  [1m[36mTodo Load (85.6ms)[0m  [1m[34mSELECT "todos".* FROM "todos"[0m
  ↳ app/controllers/api/todos_controller.rb:8
Completed 200 OK in 240ms (Views: 145.0ms | ActiveRecord: 85.6ms)


Started GET "/" for ::1 at 2021-07-22 17:38:55 -0600
Processing by StaticPagesController#root as HTML
  Rendering static_pages/root.html.erb within layouts/application
  Rendered static_pages/root.html.erb within layouts/application (41.3ms)
Completed 200 OK in 1756ms (Views: 1754.2ms | ActiveRecord: 0.0ms)


Started GET "/api/todos" for ::1 at 2021-07-22 17:38:59 -0600
Processing by Api::TodosController#index as JSON
  [1m[36mTodo Load (1.1ms)[0m  [1m[34mSELECT "todos".* FROM "todos"[0m
  ↳ app/controllers/api/todos_controller.rb:8
Completed 200 OK in 61ms (Views: 56.7ms | ActiveRecord: 1.1ms)


Started GET "/" for ::1 at 2021-07-22 17:44:14 -0600
Processing by StaticPagesController#root as HTML
  Rendering static_pages/root.html.erb within layouts/application
  Rendered static_pages/root.html.erb within layouts/application (0.6ms)
Completed 200 OK in 1744ms (Views: 1740.1ms | ActiveRecord: 0.0ms)


Started GET "/api/todos" for ::1 at 2021-07-22 17:44:18 -0600
Processing by Api::TodosController#index as JSON
  [1m[36mTodo Load (131.8ms)[0m  [1m[34mSELECT "todos".* FROM "todos"[0m
  ↳ app/controllers/api/todos_controller.rb:8
Completed 200 OK in 399ms (Views: 209.8ms | ActiveRecord: 131.8ms)


Started GET "/" for ::1 at 2021-07-22 17:46:10 -0600
Processing by StaticPagesController#root as HTML
  Rendering static_pages/root.html.erb within layouts/application
  Rendered static_pages/root.html.erb within layouts/application (2.7ms)
Completed 200 OK in 2117ms (Views: 2111.0ms | ActiveRecord: 0.0ms)


Started GET "/api/todos" for ::1 at 2021-07-22 17:46:14 -0600
Processing by Api::TodosController#index as JSON
  [1m[36mTodo Load (0.8ms)[0m  [1m[34mSELECT "todos".* FROM "todos"[0m
  ↳ app/controllers/api/todos_controller.rb:8
Completed 200 OK in 137ms (Views: 112.2ms | ActiveRecord: 0.8ms)


Started POST "/api/todos" for ::1 at 2021-07-22 17:46:19 -0600
Processing by Api::TodosController#create as JSON
  Parameters: {"todo"=>{"id"=>"1626997574461", "title"=>"asdf", "body"=>"asdf", "done"=>"false"}}
Unpermitted parameter: :id
  [1m[35m (1.0ms)[0m  [1m[35mBEGIN[0m
  ↳ app/controllers/api/todos_controller.rb:13
  [1m[36mTodo Create (15.0ms)[0m  [1m[32mINSERT INTO "todos" ("title", "body", "done", "created_at", "updated_at") VALUES ($1, $2, $3, $4, $5) RETURNING "id"[0m  [["title", "asdf"], ["body", "asdf"], ["done", false], ["created_at", "2021-07-22 23:46:19.570329"], ["updated_at", "2021-07-22 23:46:19.570329"]]
  ↳ app/controllers/api/todos_controller.rb:13
  [1m[35m (91.5ms)[0m  [1m[35mCOMMIT[0m
  ↳ app/controllers/api/todos_controller.rb:13
Completed 200 OK in 325ms (Views: 12.4ms | ActiveRecord: 107.4ms)


Started POST "/api/todos" for ::1 at 2021-07-22 17:46:48 -0600
Processing by Api::TodosController#create as JSON
  Parameters: {"todo"=>{"id"=>"1626997574461", "title"=>"", "body"=>"", "done"=>"false"}}
Unpermitted parameter: :id
  [1m[35m (0.4ms)[0m  [1m[35mBEGIN[0m
  ↳ app/controllers/api/todos_controller.rb:13
  [1m[35m (0.6ms)[0m  [1m[31mROLLBACK[0m
  ↳ app/controllers/api/todos_controller.rb:13
Completed 422 Unprocessable Entity in 1176ms (Views: 0.5ms | ActiveRecord: 0.9ms)


Started POST "/api/todos" for ::1 at 2021-07-22 17:47:09 -0600
Processing by Api::TodosController#create as JSON
  Parameters: {"todo"=>{"id"=>"1626997574461", "title"=>"", "body"=>"", "done"=>"false"}}
Unpermitted parameter: :id
  [1m[35m (0.4ms)[0m  [1m[35mBEGIN[0m
  ↳ app/controllers/api/todos_controller.rb:13
  [1m[35m (0.4ms)[0m  [1m[31mROLLBACK[0m
  ↳ app/controllers/api/todos_controller.rb:13
Completed 422 Unprocessable Entity in 64ms (Views: 0.3ms | ActiveRecord: 0.7ms)


Started GET "/" for ::1 at 2021-07-22 17:56:51 -0600
Processing by StaticPagesController#root as HTML
  Rendering static_pages/root.html.erb within layouts/application
  Rendered static_pages/root.html.erb within layouts/application (9.4ms)
Completed 200 OK in 2215ms (Views: 2167.5ms | ActiveRecord: 0.0ms)


Started GET "/api/todos" for ::1 at 2021-07-22 17:56:55 -0600
Processing by Api::TodosController#index as JSON
  [1m[36mTodo Load (35.9ms)[0m  [1m[34mSELECT "todos".* FROM "todos"[0m
  ↳ app/controllers/api/todos_controller.rb:8
Completed 200 OK in 41ms (Views: 5.0ms | ActiveRecord: 35.9ms)


Started POST "/api/todos" for ::1 at 2021-07-22 17:56:58 -0600
Processing by Api::TodosController#create as JSON
  Parameters: {"todo"=>{"title"=>"", "body"=>"", "done"=>"false"}}
  [1m[35m (0.4ms)[0m  [1m[35mBEGIN[0m
  ↳ app/controllers/api/todos_controller.rb:13
  [1m[35m (0.5ms)[0m  [1m[31mROLLBACK[0m
  ↳ app/controllers/api/todos_controller.rb:13
Completed 422 Unprocessable Entity in 31ms (Views: 0.3ms | ActiveRecord: 0.9ms)


Started POST "/api/todos" for ::1 at 2021-07-22 17:57:14 -0600
Processing by Api::TodosController#create as JSON
  Parameters: {"todo"=>{"title"=>"asdf", "body"=>"asdf", "done"=>"false"}}
  [1m[35m (0.4ms)[0m  [1m[35mBEGIN[0m
  ↳ app/controllers/api/todos_controller.rb:13
  [1m[36mTodo Create (1.0ms)[0m  [1m[32mINSERT INTO "todos" ("title", "body", "done", "created_at", "updated_at") VALUES ($1, $2, $3, $4, $5) RETURNING "id"[0m  [["title", "asdf"], ["body", "asdf"], ["done", false], ["created_at", "2021-07-22 23:57:14.597632"], ["updated_at", "2021-07-22 23:57:14.597632"]]
  ↳ app/controllers/api/todos_controller.rb:13
  [1m[35m (235.0ms)[0m  [1m[35mCOMMIT[0m
  ↳ app/controllers/api/todos_controller.rb:13
Completed 200 OK in 248ms (Views: 0.8ms | ActiveRecord: 236.4ms)


Started GET "/" for ::1 at 2021-07-22 17:57:37 -0600
Processing by StaticPagesController#root as HTML
  Rendering static_pages/root.html.erb within layouts/application
  Rendered static_pages/root.html.erb within layouts/application (1.6ms)
Completed 200 OK in 111ms (Views: 110.2ms | ActiveRecord: 0.0ms)


Started GET "/api/todos" for ::1 at 2021-07-22 17:57:40 -0600
Processing by Api::TodosController#index as JSON
  [1m[36mTodo Load (0.7ms)[0m  [1m[34mSELECT "todos".* FROM "todos"[0m
  ↳ app/controllers/api/todos_controller.rb:8
Completed 200 OK in 75ms (Views: 60.4ms | ActiveRecord: 0.7ms)


